[+] Containers:
 |- [+] Container: /Game/FirstPerson/Maps/FirstPersonMap
 |   |- [+] ActorDescs:
 |   |   |- Guid:06C4908B4FD49682B3CD31B9F30BACFB BaseClass:/Game/Enemies/BugSpawner.BugSpawner_C NativeClass:/Script/Engine.Actor Name:BugSpawner_C_UAID_50EBF67EA1C9B57E01_1150018071 Label:BugSpawner SpatiallyLoaded:1 Bounds:IsValid=true, Min=(X=2000.000 Y=2000.000 Z=150.000), Max=(X=2000.000 Y=2000.000 Z=150.000) RuntimeGrid:None EditorOnly:0 RuntimeOnly:0 HLODRelevant:0
 |   |   |- Guid:0A43B5DE42AC0E9F2654C79F34C2AE3A BaseClass: NativeClass:/Script/Engine.StaticMeshActor Name:StaticMeshActor_UAID_50EBF67EA1C9B47E01_1583049903 Label:Ramp_Corner_3 SpatiallyLoaded:1 Bounds:IsValid=true, Min=(X=1999.777 Y=510.286 Z=-103.364), Max=(X=3589.714 Y=2100.223 Z=199.490) RuntimeGrid:None EditorOnly:0 RuntimeOnly:0 HLODRelevant:1 FolderPath:Ramp FolderGuid:9FAE600A41A80BDBBF1309B6C87B1DAB
 |   |   |- Guid:0EDB289B45CB7E0977A6DBA74201EE76 BaseClass: NativeClass:/Script/Engine.StaticMeshActor Name:StaticMeshActor_10 Label:Wall_Front SpatiallyLoaded:1 Bounds:IsValid=true, Min=(X=3950.000 Y=150.000 Z=0.000), Max=(X=4050.000 Y=3950.000 Z=400.000) RuntimeGrid:None EditorOnly:0 RuntimeOnly:0 HLODRelevant:1 FolderPath:Playground FolderGuid:6C02BB504B69D1F3D7A624B130C18E5B
 |   |   |- Guid:15552C004CCDD68AC6E703B01D2B916B BaseClass: NativeClass:/Script/NavigationSystem.NavMeshBoundsVolume Name:NavMeshBoundsVolume_UAID_50EBF67EA1C9B37E01_1902714719 Label:NavMesh SpatiallyLoaded:0 Bounds:IsValid=true, Min=(X=150.000 Y=150.000 Z=-200.000), Max=(X=3950.000 Y=3950.000 Z=400.000) RuntimeGrid:None EditorOnly:0 RuntimeOnly:0 HLODRelevant:0
 |   |   |- Guid:16AA62BE4616700A29FFEC868E2711E4 BaseClass: NativeClass:/Script/Engine.StaticMeshActor Name:StaticMeshActor_UAID_50EBF67EA1C9B47E01_1324152901 Label:Ramp_Corner_1 SpatiallyLoaded:1 Bounds:IsValid=true, Min=(X=510.286 Y=1999.777 Z=-103.364), Max=(X=2100.223 Y=3589.714 Z=199.490) RuntimeGrid:None EditorOnly:0 RuntimeOnly:0 HLODRelevant:1 FolderPath:Ramp FolderGuid:9FAE600A41A80BDBBF1309B6C87B1DAB
 |   |   |- Guid:1EE6EDB042CAE6EBE7E346960B54F29D BaseClass:/Game/Candy/BP_UnlockKey.BP_UnlockKey_C NativeClass:/Script/Engine.Actor Name:BP_UnlockKey_C_UAID_50EBF67EA1C9AA8901_2145486752 Label:BP_UnlockKey SpatiallyLoaded:1 Bounds:IsValid=true, Min=(X=1568.500 Y=2331.000 Z=326.000), Max=(X=1611.500 Y=2349.000 Z=384.000) RuntimeGrid:None EditorOnly:0 RuntimeOnly:0 HLODRelevant:0
 |   |   |- Guid:21262252453B37957EF29F82ABA2413B BaseClass: NativeClass:/Script/Engine.TextRenderActor Name:TextRenderActor_1 Label:TextRenderActor SpatiallyLoaded:1 Bounds:IsValid=true, Min=(X=49.900 Y=1150.000 Z=65.013), Max=(X=49.900 Y=2413.461 Z=215.013) RuntimeGrid:None EditorOnly:0 RuntimeOnly:0 HLODRelevant:0
 |   |   |- Guid:2AC402B746BD0B6BC53C5E8688F5B74E BaseClass: NativeClass:/Script/Engine.StaticMeshActor Name:StaticMeshActor_UAID_50EBF67EA1C9B47E01_1153944899 Label:Cube_Big_5 SpatiallyLoaded:1 Bounds:IsValid=true, Min=(X=2963.116 Y=1653.116 Z=150.063), Max=(X=3136.884 Y=1826.884 Z=300.063) RuntimeGrid:None EditorOnly:0 RuntimeOnly:0 HLODRelevant:0 FolderPath:Chamfer Cubes FolderGuid:54C925824835A67B93E9989C58AC4DF4
 |   |   |- Guid:503301344EDD2580C9B8269BA1FF0C83 BaseClass: NativeClass:/Script/Engine.StaticMeshActor Name:StaticMeshActor_29 Label:Cube_Big_2 SpatiallyLoaded:1 Bounds:IsValid=true, Min=(X=2774.338 Y=1954.338 Z=190.063), Max=(X=2985.662 Y=2165.662 Z=340.063) RuntimeGrid:None EditorOnly:0 RuntimeOnly:0 HLODRelevant:0 FolderPath:Chamfer Cubes FolderGuid:54C925824835A67B93E9989C58AC4DF4
 |   |   |- Guid:5DEB04B74768A7DB4412A4B87B7A234E BaseClass:/Game/Candy/BP_UnlockKey.BP_UnlockKey_C NativeClass:/Script/Engine.Actor Name:BP_UnlockKey_C_UAID_50EBF67EA1C9B28901_1408455161 Label:BP_UnlockKey2 SpatiallyLoaded:1 Bounds:IsValid=true, Min=(X=1568.500 Y=2431.000 Z=326.000), Max=(X=1611.500 Y=2449.000 Z=384.000) RuntimeGrid:None EditorOnly:0 RuntimeOnly:0 HLODRelevant:0
 |   |   |- Guid:5F5F61E8485626C2E11444A275E53585 BaseClass: NativeClass:/Script/Engine.StaticMeshActor Name:StaticMeshActor_6 Label:Ramp_2 SpatiallyLoaded:1 Bounds:IsValid=true, Min=(X=550.000 Y=1550.000 Z=0.000), Max=(X=1550.000 Y=2550.000 Z=200.000) RuntimeGrid:None EditorOnly:0 RuntimeOnly:0 HLODRelevant:1 FolderPath:Ramp FolderGuid:9FAE600A41A80BDBBF1309B6C87B1DAB
 |   |   |- Guid:5FE7584649BB6F09265329A6C57CFD0D BaseClass: NativeClass:/Script/Engine.VolumetricCloud Name:VolumetricCloud_0 Label:VolumetricCloud SpatiallyLoaded:0 Bounds:IsValid=true, Min=(X=0.000 Y=0.000 Z=820.000), Max=(X=0.000 Y=0.000 Z=820.000) RuntimeGrid:None EditorOnly:0 RuntimeOnly:0 HLODRelevant:0 FolderPath:Lighting FolderGuid:0BA5F0A04EADB18E70D5B180D08FA34B
 |   |   |- Guid:61391D344900612A77DFC3BA3E354907 BaseClass: NativeClass:/Script/Engine.ExponentialHeightFog Name:ExponentialHeightFog_0 Label:ExponentialHeightFog SpatiallyLoaded:0 Bounds:IsValid=true, Min=(X=0.000 Y=0.000 Z=0.000), Max=(X=0.000 Y=0.000 Z=0.000) RuntimeGrid:None EditorOnly:0 RuntimeOnly:0 HLODRelevant:0 FolderPath:Lighting FolderGuid:0BA5F0A04EADB18E70D5B180D08FA34B
 |   |   |- Guid:6CC3136342B3F4A22BA3838FBE2915CD BaseClass:/Game/Candy/BP_UnlockKey.BP_UnlockKey_C NativeClass:/Script/Engine.Actor Name:BP_UnlockKey_C_UAID_50EBF67EA1C9C08D01_1701587847 Label:BP_UnlockKey4 SpatiallyLoaded:1 Bounds:IsValid=true, Min=(X=1568.500 Y=2631.000 Z=326.000), Max=(X=1611.500 Y=2649.000 Z=384.000) RuntimeGrid:None EditorOnly:0 RuntimeOnly:0 HLODRelevant:0
 |   |   |- Guid:6FEFB3BD4EB37B849EF0D4AC80F83855 BaseClass: NativeClass:/Script/Engine.WorldDataLayers Name:WorldDataLayers Label:WorldDataLayers SpatiallyLoaded:0 Bounds:IsValid=true, Min=(X=0.000 Y=0.000 Z=0.000), Max=(X=0.000 Y=0.000 Z=0.000) RuntimeGrid:None EditorOnly:0 RuntimeOnly:0 HLODRelevant:0
 |   |   |- Guid:748C19D44C6C8D51D5CFCDB106619B7B BaseClass:/Game/Candy/BP_Turret.BP_Turret_C NativeClass:/Script/Engine.Actor Name:BP_Turret_C_UAID_50EBF67EA1C9DB8001_1553134872 Label:BP_Turret SpatiallyLoaded:1 Bounds:IsValid=true, Min=(X=2375.000 Y=2375.000 Z=200.000), Max=(X=2457.500 Y=2425.000 Z=250.000) RuntimeGrid:None EditorOnly:0 RuntimeOnly:0 HLODRelevant:0
 |   |   |- Guid:78907B824E304E162A9A02B9095F1FA1 BaseClass: NativeClass:/Script/Engine.StaticMeshActor Name:StaticMeshActor_43 Label:Cube_Small_3 SpatiallyLoaded:1 Bounds:IsValid=true, Min=(X=1750.000 Y=250.000 Z=0.000), Max=(X=1850.000 Y=350.000 Z=100.000) RuntimeGrid:None EditorOnly:0 RuntimeOnly:0 HLODRelevant:0 FolderPath:Chamfer Cubes FolderGuid:54C925824835A67B93E9989C58AC4DF4
 |   |   |- Guid:78CAF7514C7533F30BD2F19A017AAB65 BaseClass: NativeClass:/Script/Engine.StaticMeshActor Name:StaticMeshActor_0 Label:Floor SpatiallyLoaded:1 Bounds:IsValid=true, Min=(X=50.000 Y=50.000 Z=-50.000), Max=(X=4050.000 Y=4050.000 Z=0.000) RuntimeGrid:None EditorOnly:0 RuntimeOnly:0 HLODRelevant:1 FolderPath:Playground FolderGuid:6C02BB504B69D1F3D7A624B130C18E5B
 |   |   |- Guid:7957E82F41DC8B09098618A775777641 BaseClass: NativeClass:/Script/Engine.StaticMeshActor Name:StaticMeshActor_UAID_50EBF67EA1C9B47E01_1582010902 Label:Ramp_Corner_2 SpatiallyLoaded:1 Bounds:IsValid=true, Min=(X=510.286 Y=510.286 Z=-103.364), Max=(X=2100.223 Y=2100.223 Z=199.490) RuntimeGrid:None EditorOnly:0 RuntimeOnly:0 HLODRelevant:1 FolderPath:Ramp FolderGuid:9FAE600A41A80BDBBF1309B6C87B1DAB
 |   |   |- Guid:8559D1384B14F466E8927697A36C1D78 BaseClass: NativeClass:/Script/Engine.StaticMeshActor Name:StaticMeshActor_9 Label:Wall_Back SpatiallyLoaded:1 Bounds:IsValid=true, Min=(X=50.000 Y=150.000 Z=0.000), Max=(X=150.000 Y=3950.000 Z=400.000) RuntimeGrid:None EditorOnly:0 RuntimeOnly:0 HLODRelevant:1 FolderPath:Playground FolderGuid:6C02BB504B69D1F3D7A624B130C18E5B
 |   |   |- Guid:8EBB75234366883108834597A0543462 BaseClass:/Game/Candy/BP_SugarBase.BP_SugarBase_C NativeClass:/Script/Engine.Actor Name:BP_SugarBase_C_UAID_50EBF67EA1C9B47E01_1710772905 Label:BP_SugarBase SpatiallyLoaded:1 Bounds:IsValid=true, Min=(X=1990.000 Y=1990.000 Z=190.000), Max=(X=2110.000 Y=2110.000 Z=310.000) RuntimeGrid:None EditorOnly:0 RuntimeOnly:0 HLODRelevant:0
 |   |   |- Guid:90B7B8D3420C2EABA931D3A6A69DF696 BaseClass: NativeClass:/Script/Engine.StaticMeshActor Name:StaticMeshActor_3 Label:Wall_Left SpatiallyLoaded:1 Bounds:IsValid=true, Min=(X=50.000 Y=50.000 Z=0.000), Max=(X=4050.000 Y=150.000 Z=400.000) RuntimeGrid:None EditorOnly:0 RuntimeOnly:0 HLODRelevant:1 FolderPath:Playground FolderGuid:6C02BB504B69D1F3D7A624B130C18E5B
 |   |   |- Guid:91C63FB14CD98AB7B8FBF4873FDE4B43 BaseClass: NativeClass:/Script/Engine.StaticMeshActor Name:StaticMeshActor_42 Label:Ramp_1 SpatiallyLoaded:1 Bounds:IsValid=true, Min=(X=1550.000 Y=2550.000 Z=0.000), Max=(X=2550.000 Y=3550.000 Z=200.000) RuntimeGrid:None EditorOnly:0 RuntimeOnly:0 HLODRelevant:1 FolderPath:Ramp FolderGuid:9FAE600A41A80BDBBF1309B6C87B1DAB
 |   |   |- Guid:91CFD41D443BE9B37A722A90264B896B BaseClass: NativeClass:/Script/Engine.StaticMeshActor Name:StaticMeshActor_UAID_50EBF67EA1C9B47E01_1583254904 Label:Ramp_Corner_4 SpatiallyLoaded:1 Bounds:IsValid=true, Min=(X=1999.777 Y=1999.777 Z=-103.364), Max=(X=3589.714 Y=3589.714 Z=199.490) RuntimeGrid:None EditorOnly:0 RuntimeOnly:0 HLODRelevant:1 FolderPath:Ramp FolderGuid:9FAE600A41A80BDBBF1309B6C87B1DAB
 |   |   |- Guid:A354B1B24E617A525DC6B48CCDE2417E BaseClass: NativeClass:/Script/Engine.PlayerStart Name:PlayerStart_0 Label:PlayerStart SpatiallyLoaded:0 Bounds:IsValid=true, Min=(X=1960.000 Y=1960.000 Z=321.000), Max=(X=2040.000 Y=2040.000 Z=505.000) RuntimeGrid:None EditorOnly:0 RuntimeOnly:0 HLODRelevant:0
 |   |   |- Guid:B1E356C04D0CD1605DCFE9B7A83B3E98 BaseClass: NativeClass:/Script/Engine.StaticMeshActor Name:StaticMeshActor_5 Label:Ramp_Top SpatiallyLoaded:1 Bounds:IsValid=true, Min=(X=1550.000 Y=1550.000 Z=0.000), Max=(X=2550.000 Y=2550.000 Z=200.000) RuntimeGrid:None EditorOnly:0 RuntimeOnly:0 HLODRelevant:1 FolderPath:Ramp FolderGuid:9FAE600A41A80BDBBF1309B6C87B1DAB
 |   |   |- Guid:B4B79A3843F8C09301E1F99BDF616576 BaseClass: NativeClass:/Script/Engine.StaticMeshActor Name:StaticMeshActor_41 Label:Ramp_4 SpatiallyLoaded:1 Bounds:IsValid=true, Min=(X=2550.000 Y=1550.000 Z=0.000), Max=(X=3550.000 Y=2550.000 Z=200.000) RuntimeGrid:None EditorOnly:0 RuntimeOnly:0 HLODRelevant:1 FolderPath:Ramp FolderGuid:9FAE600A41A80BDBBF1309B6C87B1DAB
 |   |   |- Guid:C0C56B9644AE3D40CAFF6A878DB29844 BaseClass: NativeClass:/Script/Engine.StaticMeshActor Name:StaticMeshActor_UAID_A4AE111137DC5EFB00_2001720423 Label:SM_SkySphere SpatiallyLoaded:0 Bounds:IsValid=true, Min=(X=-1638400.000 Y=-1638400.000 Z=-1638400.000), Max=(X=1638400.000 Y=1638400.000 Z=1638400.000) RuntimeGrid:None EditorOnly:0 RuntimeOnly:0 HLODRelevant:1 FolderPath:Lighting FolderGuid:0BA5F0A04EADB18E70D5B180D08FA34B
 |   |   |- Guid:C22CE07C4B87D685137FDBBC10FC92C6 BaseClass: NativeClass:/Script/Engine.SkyAtmosphere Name:SkyAtmosphere_0 Label:SkyAtmosphere SpatiallyLoaded:0 Bounds:IsValid=true, Min=(X=0.000 Y=0.000 Z=1020.000), Max=(X=0.000 Y=0.000 Z=1020.000) RuntimeGrid:None EditorOnly:0 RuntimeOnly:0 HLODRelevant:0 FolderPath:Lighting FolderGuid:0BA5F0A04EADB18E70D5B180D08FA34B
 |   |   |- Guid:CD069BE8473A646E2DF9E3B0A34DDE3B BaseClass:/Game/Candy/BP_SugarMachine.BP_SugarMachine_C NativeClass:/Script/Engine.Actor Name:BP_SugarMachine_C_UAID_50EBF67EA1C9C28201_1491872583 Label:BP_SugarMachine SpatiallyLoaded:1 Bounds:IsValid=true, Min=(X=1550.000 Y=1550.000 Z=200.000), Max=(X=1650.000 Y=1650.000 Z=300.000) RuntimeGrid:None EditorOnly:0 RuntimeOnly:0 HLODRelevant:0
 |   |   |- Guid:CE8D82634660FCDB3120E2B8D547C533 BaseClass: NativeClass:/Script/Engine.PostProcessVolume Name:PostProcessVolume_0 Label:PostProcessVolume SpatiallyLoaded:0 Bounds:IsValid=true, Min=(X=0.000 Y=0.000 Z=400.000), Max=(X=200.000 Y=200.000 Z=600.000) RuntimeGrid:None EditorOnly:0 RuntimeOnly:0 HLODRelevant:0 FolderPath:Lighting FolderGuid:0BA5F0A04EADB18E70D5B180D08FA34B
 |   |   |- Guid:D44940D943955A5965276FBBEA044017 BaseClass: NativeClass:/Script/Engine.StaticMeshActor Name:StaticMeshActor_20 Label:Cube_Small_2 SpatiallyLoaded:1 Bounds:IsValid=true, Min=(X=2164.987 Y=2896.837 Z=140.013), Max=(X=2293.158 Y=3025.008 Z=240.013) RuntimeGrid:None EditorOnly:0 RuntimeOnly:0 HLODRelevant:0 FolderPath:Chamfer Cubes FolderGuid:54C925824835A67B93E9989C58AC4DF4
 |   |   |- Guid:D84B194A4B3EC4B86D38449F05DE74CB BaseClass:/Game/Candy/BP_UnlockKey.BP_UnlockKey_C NativeClass:/Script/Engine.Actor Name:BP_UnlockKey_C_UAID_50EBF67EA1C9B28901_1410190162 Label:BP_UnlockKey3 SpatiallyLoaded:1 Bounds:IsValid=true, Min=(X=1568.500 Y=2531.000 Z=326.000), Max=(X=1611.500 Y=2549.000 Z=384.000) RuntimeGrid:None EditorOnly:0 RuntimeOnly:0 HLODRelevant:0
 |   |   |- Guid:E051597541B4C998010633A0C1018139 BaseClass: NativeClass:/Script/Engine.StaticMeshActor Name:StaticMeshActor_30 Label:Cube_Big_3 SpatiallyLoaded:1 Bounds:IsValid=true, Min=(X=1765.431 Y=3077.543 Z=80.063), Max=(X=1976.756 Y=3288.868 Z=230.063) RuntimeGrid:None EditorOnly:0 RuntimeOnly:0 HLODRelevant:0 FolderPath:Chamfer Cubes FolderGuid:54C925824835A67B93E9989C58AC4DF4
 |   |   |- Guid:E5320C1B4FD9764CE7B54D8487AEC613 BaseClass: NativeClass:/Script/Engine.SkyLight Name:SkyLight_0 Label:SkyLight SpatiallyLoaded:0 Bounds:IsValid=true, Min=(X=0.000 Y=0.000 Z=690.000), Max=(X=0.000 Y=0.000 Z=690.000) RuntimeGrid:None EditorOnly:0 RuntimeOnly:0 HLODRelevant:0 FolderPath:Lighting FolderGuid:0BA5F0A04EADB18E70D5B180D08FA34B
 |   |   |- Guid:EB260A4343402177EF2FA8AA9CCA795D BaseClass: NativeClass:/Script/Engine.StaticMeshActor Name:StaticMeshActor_14 Label:Ramp_3 SpatiallyLoaded:1 Bounds:IsValid=true, Min=(X=1550.000 Y=550.000 Z=0.000), Max=(X=2550.000 Y=1550.000 Z=200.000) RuntimeGrid:None EditorOnly:0 RuntimeOnly:0 HLODRelevant:1 FolderPath:Ramp FolderGuid:9FAE600A41A80BDBBF1309B6C87B1DAB
 |   |   |- Guid:F059DAE3423E3AB2C8E71E9ED01A6F36 BaseClass: NativeClass:/Script/Engine.StaticMeshActor Name:StaticMeshActor_UAID_50EBF67EA1C9B47E01_1096362898 Label:Cube_Small_5 SpatiallyLoaded:1 Bounds:IsValid=true, Min=(X=1149.330 Y=1759.199 Z=180.013), Max=(X=1285.933 Y=1895.801 Z=280.013) RuntimeGrid:None EditorOnly:0 RuntimeOnly:0 HLODRelevant:0 FolderPath:Chamfer Cubes FolderGuid:54C925824835A67B93E9989C58AC4DF4
 |   |   |- Guid:F07F1AF64C7C7C238EE1B4BF8C122DD8 BaseClass: NativeClass:/Script/Engine.StaticMeshActor Name:StaticMeshActor_4 Label:Wall_Right SpatiallyLoaded:1 Bounds:IsValid=true, Min=(X=50.000 Y=3950.000 Z=0.000), Max=(X=4050.000 Y=4050.000 Z=400.000) RuntimeGrid:None EditorOnly:0 RuntimeOnly:0 HLODRelevant:1 FolderPath:Playground FolderGuid:6C02BB504B69D1F3D7A624B130C18E5B
 |   |   |- Guid:F43DE02545E377B3108A06B5869025B8 BaseClass:/Game/Candy/BP_BuildingBase.BP_BuildingBase_C NativeClass:/Script/Engine.Actor Name:BP_BuildingBase_C_UAID_50EBF67EA1C9E68001_2110108809 Label:BP_BuildingBase SpatiallyLoaded:1 Bounds:IsValid=true, Min=(X=2000.000 Y=2000.000 Z=-100.000), Max=(X=2100.000 Y=2100.000 Z=-90.000) RuntimeGrid:None EditorOnly:0 RuntimeOnly:0 HLODRelevant:0
 |   |   |- Guid:F73F36B4401B42472A7BE3932A88575C BaseClass: NativeClass:/Script/NavigationSystem.RecastNavMesh Name:RecastNavMesh_UAID_50EBF67EA1C9B37E01-Default Label:RecastNavMesh-Default SpatiallyLoaded:0 Bounds:IsValid=true, Min=(X=0.000 Y=0.000 Z=0.000), Max=(X=0.000 Y=0.000 Z=0.000) RuntimeGrid:None EditorOnly:0 RuntimeOnly:0 HLODRelevant:0
 |   |   |- Guid:F80621C9446867154938FE81375207DA BaseClass: NativeClass:/Script/Engine.DirectionalLight Name:DirectionalLight_1 Label:DirectionalLight SpatiallyLoaded:0 Bounds:IsValid=true, Min=(X=-1048576.000 Y=-1048576.000 Z=-1048576.000), Max=(X=1048576.000 Y=1048576.000 Z=1048576.000) RuntimeGrid:None EditorOnly:0 RuntimeOnly:0 HLODRelevant:0 FolderPath:Lighting FolderGuid:0BA5F0A04EADB18E70D5B180D08FA34B
 |   |   |- Guid:FE369CF94A071F9176E524A237CA92AA BaseClass: NativeClass:/Script/Engine.StaticMeshActor Name:StaticMeshActor_1 Label:Cube_Small_1 SpatiallyLoaded:1 Bounds:IsValid=true, Min=(X=1501.699 Y=1191.699 Z=170.013), Max=(X=1638.301 Y=1328.301 Z=270.013) RuntimeGrid:None EditorOnly:0 RuntimeOnly:0 HLODRelevant:0 FolderPath:Chamfer Cubes FolderGuid:54C925824835A67B93E9989C58AC4DF4
 |   |- [+] Clusters:
 |   |   |- [+] [  0]
 |   |   |   |- Guid:1EE6EDB042CAE6EBE7E346960B54F29D BaseClass:/Game/Candy/BP_UnlockKey.BP_UnlockKey_C NativeClass:/Script/Engine.Actor Name:BP_UnlockKey_C_UAID_50EBF67EA1C9AA8901_2145486752 Label:BP_UnlockKey SpatiallyLoaded:1 Bounds:IsValid=true, Min=(X=1568.500 Y=2331.000 Z=326.000), Max=(X=1611.500 Y=2349.000 Z=384.000) RuntimeGrid:None EditorOnly:0 RuntimeOnly:0 HLODRelevant:0
 |   |   |- [+] [  1]
 |   |   |   |- Guid:61391D344900612A77DFC3BA3E354907 BaseClass: NativeClass:/Script/Engine.ExponentialHeightFog Name:ExponentialHeightFog_0 Label:ExponentialHeightFog SpatiallyLoaded:0 Bounds:IsValid=true, Min=(X=0.000 Y=0.000 Z=0.000), Max=(X=0.000 Y=0.000 Z=0.000) RuntimeGrid:None EditorOnly:0 RuntimeOnly:0 HLODRelevant:0 FolderPath:Lighting FolderGuid:0BA5F0A04EADB18E70D5B180D08FA34B
 |   |   |- [+] [  2]
 |   |   |   |- Guid:5FE7584649BB6F09265329A6C57CFD0D BaseClass: NativeClass:/Script/Engine.VolumetricCloud Name:VolumetricCloud_0 Label:VolumetricCloud SpatiallyLoaded:0 Bounds:IsValid=true, Min=(X=0.000 Y=0.000 Z=820.000), Max=(X=0.000 Y=0.000 Z=820.000) RuntimeGrid:None EditorOnly:0 RuntimeOnly:0 HLODRelevant:0 FolderPath:Lighting FolderGuid:0BA5F0A04EADB18E70D5B180D08FA34B
 |   |   |- [+] [  3]
 |   |   |   |- Guid:F43DE02545E377B3108A06B5869025B8 BaseClass:/Game/Candy/BP_BuildingBase.BP_BuildingBase_C NativeClass:/Script/Engine.Actor Name:BP_BuildingBase_C_UAID_50EBF67EA1C9E68001_2110108809 Label:BP_BuildingBase SpatiallyLoaded:1 Bounds:IsValid=true, Min=(X=2000.000 Y=2000.000 Z=-100.000), Max=(X=2100.000 Y=2100.000 Z=-90.000) RuntimeGrid:None EditorOnly:0 RuntimeOnly:0 HLODRelevant:0
 |   |   |- [+] [  4]
 |   |   |   |- Guid:F80621C9446867154938FE81375207DA BaseClass: NativeClass:/Script/Engine.DirectionalLight Name:DirectionalLight_1 Label:DirectionalLight SpatiallyLoaded:0 Bounds:IsValid=true, Min=(X=-1048576.000 Y=-1048576.000 Z=-1048576.000), Max=(X=1048576.000 Y=1048576.000 Z=1048576.000) RuntimeGrid:None EditorOnly:0 RuntimeOnly:0 HLODRelevant:0 FolderPath:Lighting FolderGuid:0BA5F0A04EADB18E70D5B180D08FA34B
 |   |   |- [+] [  5]
 |   |   |   |- Guid:21262252453B37957EF29F82ABA2413B BaseClass: NativeClass:/Script/Engine.TextRenderActor Name:TextRenderActor_1 Label:TextRenderActor SpatiallyLoaded:1 Bounds:IsValid=true, Min=(X=49.900 Y=1150.000 Z=65.013), Max=(X=49.900 Y=2413.461 Z=215.013) RuntimeGrid:None EditorOnly:0 RuntimeOnly:0 HLODRelevant:0
 |   |   |- [+] [  6]
 |   |   |   |- Guid:748C19D44C6C8D51D5CFCDB106619B7B BaseClass:/Game/Candy/BP_Turret.BP_Turret_C NativeClass:/Script/Engine.Actor Name:BP_Turret_C_UAID_50EBF67EA1C9DB8001_1553134872 Label:BP_Turret SpatiallyLoaded:1 Bounds:IsValid=true, Min=(X=2375.000 Y=2375.000 Z=200.000), Max=(X=2457.500 Y=2425.000 Z=250.000) RuntimeGrid:None EditorOnly:0 RuntimeOnly:0 HLODRelevant:0
 |   |   |- [+] [  7]
 |   |   |   |- Guid:F73F36B4401B42472A7BE3932A88575C BaseClass: NativeClass:/Script/NavigationSystem.RecastNavMesh Name:RecastNavMesh_UAID_50EBF67EA1C9B37E01-Default Label:RecastNavMesh-Default SpatiallyLoaded:0 Bounds:IsValid=true, Min=(X=0.000 Y=0.000 Z=0.000), Max=(X=0.000 Y=0.000 Z=0.000) RuntimeGrid:None EditorOnly:0 RuntimeOnly:0 HLODRelevant:0
 |   |   |- [+] [  8]
 |   |   |   |- Guid:5F5F61E8485626C2E11444A275E53585 BaseClass: NativeClass:/Script/Engine.StaticMeshActor Name:StaticMeshActor_6 Label:Ramp_2 SpatiallyLoaded:1 Bounds:IsValid=true, Min=(X=550.000 Y=1550.000 Z=0.000), Max=(X=1550.000 Y=2550.000 Z=200.000) RuntimeGrid:None EditorOnly:0 RuntimeOnly:0 HLODRelevant:1 FolderPath:Ramp FolderGuid:9FAE600A41A80BDBBF1309B6C87B1DAB
 |   |   |- [+] [  9]
 |   |   |   |- Guid:16AA62BE4616700A29FFEC868E2711E4 BaseClass: NativeClass:/Script/Engine.StaticMeshActor Name:StaticMeshActor_UAID_50EBF67EA1C9B47E01_1324152901 Label:Ramp_Corner_1 SpatiallyLoaded:1 Bounds:IsValid=true, Min=(X=510.286 Y=1999.777 Z=-103.364), Max=(X=2100.223 Y=3589.714 Z=199.490) RuntimeGrid:None EditorOnly:0 RuntimeOnly:0 HLODRelevant:1 FolderPath:Ramp FolderGuid:9FAE600A41A80BDBBF1309B6C87B1DAB
 |   |   |- [+] [ 10]
 |   |   |   |- Guid:90B7B8D3420C2EABA931D3A6A69DF696 BaseClass: NativeClass:/Script/Engine.StaticMeshActor Name:StaticMeshActor_3 Label:Wall_Left SpatiallyLoaded:1 Bounds:IsValid=true, Min=(X=50.000 Y=50.000 Z=0.000), Max=(X=4050.000 Y=150.000 Z=400.000) RuntimeGrid:None EditorOnly:0 RuntimeOnly:0 HLODRelevant:1 FolderPath:Playground FolderGuid:6C02BB504B69D1F3D7A624B130C18E5B
 |   |   |- [+] [ 11]
 |   |   |   |- Guid:FE369CF94A071F9176E524A237CA92AA BaseClass: NativeClass:/Script/Engine.StaticMeshActor Name:StaticMeshActor_1 Label:Cube_Small_1 SpatiallyLoaded:1 Bounds:IsValid=true, Min=(X=1501.699 Y=1191.699 Z=170.013), Max=(X=1638.301 Y=1328.301 Z=270.013) RuntimeGrid:None EditorOnly:0 RuntimeOnly:0 HLODRelevant:0 FolderPath:Chamfer Cubes FolderGuid:54C925824835A67B93E9989C58AC4DF4
 |   |   |- [+] [ 12]
 |   |   |   |- Guid:B1E356C04D0CD1605DCFE9B7A83B3E98 BaseClass: NativeClass:/Script/Engine.StaticMeshActor Name:StaticMeshActor_5 Label:Ramp_Top SpatiallyLoaded:1 Bounds:IsValid=true, Min=(X=1550.000 Y=1550.000 Z=0.000), Max=(X=2550.000 Y=2550.000 Z=200.000) RuntimeGrid:None EditorOnly:0 RuntimeOnly:0 HLODRelevant:1 FolderPath:Ramp FolderGuid:9FAE600A41A80BDBBF1309B6C87B1DAB
 |   |   |- [+] [ 13]
 |   |   |   |- Guid:91C63FB14CD98AB7B8FBF4873FDE4B43 BaseClass: NativeClass:/Script/Engine.StaticMeshActor Name:StaticMeshActor_42 Label:Ramp_1 SpatiallyLoaded:1 Bounds:IsValid=true, Min=(X=1550.000 Y=2550.000 Z=0.000), Max=(X=2550.000 Y=3550.000 Z=200.000) RuntimeGrid:None EditorOnly:0 RuntimeOnly:0 HLODRelevant:1 FolderPath:Ramp FolderGuid:9FAE600A41A80BDBBF1309B6C87B1DAB
 |   |   |- [+] [ 14]
 |   |   |   |- Guid:91CFD41D443BE9B37A722A90264B896B BaseClass: NativeClass:/Script/Engine.StaticMeshActor Name:StaticMeshActor_UAID_50EBF67EA1C9B47E01_1583254904 Label:Ramp_Corner_4 SpatiallyLoaded:1 Bounds:IsValid=true, Min=(X=1999.777 Y=1999.777 Z=-103.364), Max=(X=3589.714 Y=3589.714 Z=199.490) RuntimeGrid:None EditorOnly:0 RuntimeOnly:0 HLODRelevant:1 FolderPath:Ramp FolderGuid:9FAE600A41A80BDBBF1309B6C87B1DAB
 |   |   |- [+] [ 15]
 |   |   |   |- Guid:E5320C1B4FD9764CE7B54D8487AEC613 BaseClass: NativeClass:/Script/Engine.SkyLight Name:SkyLight_0 Label:SkyLight SpatiallyLoaded:0 Bounds:IsValid=true, Min=(X=0.000 Y=0.000 Z=690.000), Max=(X=0.000 Y=0.000 Z=690.000) RuntimeGrid:None EditorOnly:0 RuntimeOnly:0 HLODRelevant:0 FolderPath:Lighting FolderGuid:0BA5F0A04EADB18E70D5B180D08FA34B
 |   |   |- [+] [ 16]
 |   |   |   |- Guid:F07F1AF64C7C7C238EE1B4BF8C122DD8 BaseClass: NativeClass:/Script/Engine.StaticMeshActor Name:StaticMeshActor_4 Label:Wall_Right SpatiallyLoaded:1 Bounds:IsValid=true, Min=(X=50.000 Y=3950.000 Z=0.000), Max=(X=4050.000 Y=4050.000 Z=400.000) RuntimeGrid:None EditorOnly:0 RuntimeOnly:0 HLODRelevant:1 FolderPath:Playground FolderGuid:6C02BB504B69D1F3D7A624B130C18E5B
 |   |   |- [+] [ 17]
 |   |   |   |- Guid:F059DAE3423E3AB2C8E71E9ED01A6F36 BaseClass: NativeClass:/Script/Engine.StaticMeshActor Name:StaticMeshActor_UAID_50EBF67EA1C9B47E01_1096362898 Label:Cube_Small_5 SpatiallyLoaded:1 Bounds:IsValid=true, Min=(X=1149.330 Y=1759.199 Z=180.013), Max=(X=1285.933 Y=1895.801 Z=280.013) RuntimeGrid:None EditorOnly:0 RuntimeOnly:0 HLODRelevant:0 FolderPath:Chamfer Cubes FolderGuid:54C925824835A67B93E9989C58AC4DF4
 |   |   |- [+] [ 18]
 |   |   |   |- Guid:78907B824E304E162A9A02B9095F1FA1 BaseClass: NativeClass:/Script/Engine.StaticMeshActor Name:StaticMeshActor_43 Label:Cube_Small_3 SpatiallyLoaded:1 Bounds:IsValid=true, Min=(X=1750.000 Y=250.000 Z=0.000), Max=(X=1850.000 Y=350.000 Z=100.000) RuntimeGrid:None EditorOnly:0 RuntimeOnly:0 HLODRelevant:0 FolderPath:Chamfer Cubes FolderGuid:54C925824835A67B93E9989C58AC4DF4
 |   |   |- [+] [ 19]
 |   |   |   |- Guid:CD069BE8473A646E2DF9E3B0A34DDE3B BaseClass:/Game/Candy/BP_SugarMachine.BP_SugarMachine_C NativeClass:/Script/Engine.Actor Name:BP_SugarMachine_C_UAID_50EBF67EA1C9C28201_1491872583 Label:BP_SugarMachine SpatiallyLoaded:1 Bounds:IsValid=true, Min=(X=1550.000 Y=1550.000 Z=200.000), Max=(X=1650.000 Y=1650.000 Z=300.000) RuntimeGrid:None EditorOnly:0 RuntimeOnly:0 HLODRelevant:0
 |   |   |- [+] [ 20]
 |   |   |   |- Guid:78CAF7514C7533F30BD2F19A017AAB65 BaseClass: NativeClass:/Script/Engine.StaticMeshActor Name:StaticMeshActor_0 Label:Floor SpatiallyLoaded:1 Bounds:IsValid=true, Min=(X=50.000 Y=50.000 Z=-50.000), Max=(X=4050.000 Y=4050.000 Z=0.000) RuntimeGrid:None EditorOnly:0 RuntimeOnly:0 HLODRelevant:1 FolderPath:Playground FolderGuid:6C02BB504B69D1F3D7A624B130C18E5B
 |   |   |- [+] [ 21]
 |   |   |   |- Guid:E051597541B4C998010633A0C1018139 BaseClass: NativeClass:/Script/Engine.StaticMeshActor Name:StaticMeshActor_30 Label:Cube_Big_3 SpatiallyLoaded:1 Bounds:IsValid=true, Min=(X=1765.431 Y=3077.543 Z=80.063), Max=(X=1976.756 Y=3288.868 Z=230.063) RuntimeGrid:None EditorOnly:0 RuntimeOnly:0 HLODRelevant:0 FolderPath:Chamfer Cubes FolderGuid:54C925824835A67B93E9989C58AC4DF4
 |   |   |- [+] [ 22]
 |   |   |   |- Guid:B4B79A3843F8C09301E1F99BDF616576 BaseClass: NativeClass:/Script/Engine.StaticMeshActor Name:StaticMeshActor_41 Label:Ramp_4 SpatiallyLoaded:1 Bounds:IsValid=true, Min=(X=2550.000 Y=1550.000 Z=0.000), Max=(X=3550.000 Y=2550.000 Z=200.000) RuntimeGrid:None EditorOnly:0 RuntimeOnly:0 HLODRelevant:1 FolderPath:Ramp FolderGuid:9FAE600A41A80BDBBF1309B6C87B1DAB
 |   |   |- [+] [ 23]
 |   |   |   |- Guid:EB260A4343402177EF2FA8AA9CCA795D BaseClass: NativeClass:/Script/Engine.StaticMeshActor Name:StaticMeshActor_14 Label:Ramp_3 SpatiallyLoaded:1 Bounds:IsValid=true, Min=(X=1550.000 Y=550.000 Z=0.000), Max=(X=2550.000 Y=1550.000 Z=200.000) RuntimeGrid:None EditorOnly:0 RuntimeOnly:0 HLODRelevant:1 FolderPath:Ramp FolderGuid:9FAE600A41A80BDBBF1309B6C87B1DAB
 |   |   |- [+] [ 24]
 |   |   |   |- Guid:2AC402B746BD0B6BC53C5E8688F5B74E BaseClass: NativeClass:/Script/Engine.StaticMeshActor Name:StaticMeshActor_UAID_50EBF67EA1C9B47E01_1153944899 Label:Cube_Big_5 SpatiallyLoaded:1 Bounds:IsValid=true, Min=(X=2963.116 Y=1653.116 Z=150.063), Max=(X=3136.884 Y=1826.884 Z=300.063) RuntimeGrid:None EditorOnly:0 RuntimeOnly:0 HLODRelevant:0 FolderPath:Chamfer Cubes FolderGuid:54C925824835A67B93E9989C58AC4DF4
 |   |   |- [+] [ 25]
 |   |   |   |- Guid:7957E82F41DC8B09098618A775777641 BaseClass: NativeClass:/Script/Engine.StaticMeshActor Name:StaticMeshActor_UAID_50EBF67EA1C9B47E01_1582010902 Label:Ramp_Corner_2 SpatiallyLoaded:1 Bounds:IsValid=true, Min=(X=510.286 Y=510.286 Z=-103.364), Max=(X=2100.223 Y=2100.223 Z=199.490) RuntimeGrid:None EditorOnly:0 RuntimeOnly:0 HLODRelevant:1 FolderPath:Ramp FolderGuid:9FAE600A41A80BDBBF1309B6C87B1DAB
 |   |   |- [+] [ 26]
 |   |   |   |- Guid:A354B1B24E617A525DC6B48CCDE2417E BaseClass: NativeClass:/Script/Engine.PlayerStart Name:PlayerStart_0 Label:PlayerStart SpatiallyLoaded:0 Bounds:IsValid=true, Min=(X=1960.000 Y=1960.000 Z=321.000), Max=(X=2040.000 Y=2040.000 Z=505.000) RuntimeGrid:None EditorOnly:0 RuntimeOnly:0 HLODRelevant:0
 |   |   |- [+] [ 27]
 |   |   |   |- Guid:D84B194A4B3EC4B86D38449F05DE74CB BaseClass:/Game/Candy/BP_UnlockKey.BP_UnlockKey_C NativeClass:/Script/Engine.Actor Name:BP_UnlockKey_C_UAID_50EBF67EA1C9B28901_1410190162 Label:BP_UnlockKey3 SpatiallyLoaded:1 Bounds:IsValid=true, Min=(X=1568.500 Y=2531.000 Z=326.000), Max=(X=1611.500 Y=2549.000 Z=384.000) RuntimeGrid:None EditorOnly:0 RuntimeOnly:0 HLODRelevant:0
 |   |   |- [+] [ 28]
 |   |   |   |- Guid:0EDB289B45CB7E0977A6DBA74201EE76 BaseClass: NativeClass:/Script/Engine.StaticMeshActor Name:StaticMeshActor_10 Label:Wall_Front SpatiallyLoaded:1 Bounds:IsValid=true, Min=(X=3950.000 Y=150.000 Z=0.000), Max=(X=4050.000 Y=3950.000 Z=400.000) RuntimeGrid:None EditorOnly:0 RuntimeOnly:0 HLODRelevant:1 FolderPath:Playground FolderGuid:6C02BB504B69D1F3D7A624B130C18E5B
 |   |   |- [+] [ 29]
 |   |   |   |- Guid:15552C004CCDD68AC6E703B01D2B916B BaseClass: NativeClass:/Script/NavigationSystem.NavMeshBoundsVolume Name:NavMeshBoundsVolume_UAID_50EBF67EA1C9B37E01_1902714719 Label:NavMesh SpatiallyLoaded:0 Bounds:IsValid=true, Min=(X=150.000 Y=150.000 Z=-200.000), Max=(X=3950.000 Y=3950.000 Z=400.000) RuntimeGrid:None EditorOnly:0 RuntimeOnly:0 HLODRelevant:0
 |   |   |- [+] [ 30]
 |   |   |   |- Guid:503301344EDD2580C9B8269BA1FF0C83 BaseClass: NativeClass:/Script/Engine.StaticMeshActor Name:StaticMeshActor_29 Label:Cube_Big_2 SpatiallyLoaded:1 Bounds:IsValid=true, Min=(X=2774.338 Y=1954.338 Z=190.063), Max=(X=2985.662 Y=2165.662 Z=340.063) RuntimeGrid:None EditorOnly:0 RuntimeOnly:0 HLODRelevant:0 FolderPath:Chamfer Cubes FolderGuid:54C925824835A67B93E9989C58AC4DF4
 |   |   |- [+] [ 31]
 |   |   |   |- Guid:C22CE07C4B87D685137FDBBC10FC92C6 BaseClass: NativeClass:/Script/Engine.SkyAtmosphere Name:SkyAtmosphere_0 Label:SkyAtmosphere SpatiallyLoaded:0 Bounds:IsValid=true, Min=(X=0.000 Y=0.000 Z=1020.000), Max=(X=0.000 Y=0.000 Z=1020.000) RuntimeGrid:None EditorOnly:0 RuntimeOnly:0 HLODRelevant:0 FolderPath:Lighting FolderGuid:0BA5F0A04EADB18E70D5B180D08FA34B
 |   |   |- [+] [ 32]
 |   |   |   |- Guid:C0C56B9644AE3D40CAFF6A878DB29844 BaseClass: NativeClass:/Script/Engine.StaticMeshActor Name:StaticMeshActor_UAID_A4AE111137DC5EFB00_2001720423 Label:SM_SkySphere SpatiallyLoaded:0 Bounds:IsValid=true, Min=(X=-1638400.000 Y=-1638400.000 Z=-1638400.000), Max=(X=1638400.000 Y=1638400.000 Z=1638400.000) RuntimeGrid:None EditorOnly:0 RuntimeOnly:0 HLODRelevant:1 FolderPath:Lighting FolderGuid:0BA5F0A04EADB18E70D5B180D08FA34B
 |   |   |- [+] [ 33]
 |   |   |   |- Guid:6FEFB3BD4EB37B849EF0D4AC80F83855 BaseClass: NativeClass:/Script/Engine.WorldDataLayers Name:WorldDataLayers Label:WorldDataLayers SpatiallyLoaded:0 Bounds:IsValid=true, Min=(X=0.000 Y=0.000 Z=0.000), Max=(X=0.000 Y=0.000 Z=0.000) RuntimeGrid:None EditorOnly:0 RuntimeOnly:0 HLODRelevant:0
 |   |   |- [+] [ 34]
 |   |   |   |- Guid:8EBB75234366883108834597A0543462 BaseClass:/Game/Candy/BP_SugarBase.BP_SugarBase_C NativeClass:/Script/Engine.Actor Name:BP_SugarBase_C_UAID_50EBF67EA1C9B47E01_1710772905 Label:BP_SugarBase SpatiallyLoaded:1 Bounds:IsValid=true, Min=(X=1990.000 Y=1990.000 Z=190.000), Max=(X=2110.000 Y=2110.000 Z=310.000) RuntimeGrid:None EditorOnly:0 RuntimeOnly:0 HLODRelevant:0
 |   |   |- [+] [ 35]
 |   |   |   |- Guid:06C4908B4FD49682B3CD31B9F30BACFB BaseClass:/Game/Enemies/BugSpawner.BugSpawner_C NativeClass:/Script/Engine.Actor Name:BugSpawner_C_UAID_50EBF67EA1C9B57E01_1150018071 Label:BugSpawner SpatiallyLoaded:1 Bounds:IsValid=true, Min=(X=2000.000 Y=2000.000 Z=150.000), Max=(X=2000.000 Y=2000.000 Z=150.000) RuntimeGrid:None EditorOnly:0 RuntimeOnly:0 HLODRelevant:0
 |   |   |- [+] [ 36]
 |   |   |   |- Guid:5DEB04B74768A7DB4412A4B87B7A234E BaseClass:/Game/Candy/BP_UnlockKey.BP_UnlockKey_C NativeClass:/Script/Engine.Actor Name:BP_UnlockKey_C_UAID_50EBF67EA1C9B28901_1408455161 Label:BP_UnlockKey2 SpatiallyLoaded:1 Bounds:IsValid=true, Min=(X=1568.500 Y=2431.000 Z=326.000), Max=(X=1611.500 Y=2449.000 Z=384.000) RuntimeGrid:None EditorOnly:0 RuntimeOnly:0 HLODRelevant:0
 |   |   |- [+] [ 37]
 |   |   |   |- Guid:0A43B5DE42AC0E9F2654C79F34C2AE3A BaseClass: NativeClass:/Script/Engine.StaticMeshActor Name:StaticMeshActor_UAID_50EBF67EA1C9B47E01_1583049903 Label:Ramp_Corner_3 SpatiallyLoaded:1 Bounds:IsValid=true, Min=(X=1999.777 Y=510.286 Z=-103.364), Max=(X=3589.714 Y=2100.223 Z=199.490) RuntimeGrid:None EditorOnly:0 RuntimeOnly:0 HLODRelevant:1 FolderPath:Ramp FolderGuid:9FAE600A41A80BDBBF1309B6C87B1DAB
 |   |   |- [+] [ 38]
 |   |   |   |- Guid:CE8D82634660FCDB3120E2B8D547C533 BaseClass: NativeClass:/Script/Engine.PostProcessVolume Name:PostProcessVolume_0 Label:PostProcessVolume SpatiallyLoaded:0 Bounds:IsValid=true, Min=(X=0.000 Y=0.000 Z=400.000), Max=(X=200.000 Y=200.000 Z=600.000) RuntimeGrid:None EditorOnly:0 RuntimeOnly:0 HLODRelevant:0 FolderPath:Lighting FolderGuid:0BA5F0A04EADB18E70D5B180D08FA34B
 |   |   |- [+] [ 39]
 |   |   |   |- Guid:8559D1384B14F466E8927697A36C1D78 BaseClass: NativeClass:/Script/Engine.StaticMeshActor Name:StaticMeshActor_9 Label:Wall_Back SpatiallyLoaded:1 Bounds:IsValid=true, Min=(X=50.000 Y=150.000 Z=0.000), Max=(X=150.000 Y=3950.000 Z=400.000) RuntimeGrid:None EditorOnly:0 RuntimeOnly:0 HLODRelevant:1 FolderPath:Playground FolderGuid:6C02BB504B69D1F3D7A624B130C18E5B
 |   |   |- [+] [ 40]
 |   |   |   |- Guid:D44940D943955A5965276FBBEA044017 BaseClass: NativeClass:/Script/Engine.StaticMeshActor Name:StaticMeshActor_20 Label:Cube_Small_2 SpatiallyLoaded:1 Bounds:IsValid=true, Min=(X=2164.987 Y=2896.837 Z=140.013), Max=(X=2293.158 Y=3025.008 Z=240.013) RuntimeGrid:None EditorOnly:0 RuntimeOnly:0 HLODRelevant:0 FolderPath:Chamfer Cubes FolderGuid:54C925824835A67B93E9989C58AC4DF4
 |   |   |- [+] [ 41]
 |   |   |   |- Guid:6CC3136342B3F4A22BA3838FBE2915CD BaseClass:/Game/Candy/BP_UnlockKey.BP_UnlockKey_C NativeClass:/Script/Engine.Actor Name:BP_UnlockKey_C_UAID_50EBF67EA1C9C08D01_1701587847 Label:BP_UnlockKey4 SpatiallyLoaded:1 Bounds:IsValid=true, Min=(X=1568.500 Y=2631.000 Z=326.000), Max=(X=1611.500 Y=2649.000 Z=384.000) RuntimeGrid:None EditorOnly:0 RuntimeOnly:0 HLODRelevant:0
 |- ContainerInstances:
 |- [+] MainContainer:
 |   |-        ID: 0x0000000000000000
 |   |-    Bounds: IsValid=false, Min=(X=0.000 Y=0.000 Z=0.000), Max=(X=0.000 Y=0.000 Z=0.000)
 |   |- Transform: 0.000000,0.000000,0.000000|0.000000,0.000000,-0.000000|1.000000,1.000000,1.000000
 |   |- Container: /Game/FirstPerson/Maps/FirstPersonMap
----------------------------------------------------------------------------------------------------------------
FirstPersonMap - Persistent Level
----------------------------------------------------------------------------------------------------------------
Always loaded Actor Count: 58 

----------------------------------------------------------------------------------------------------------------
FirstPersonMap - Runtime Spatial Hash - Streaming Grid - MainGrid
----------------------------------------------------------------------------------------------------------------
            Origin: X=0.000 Y=0.000 Z=0.000
         Cell Size: 12800
      World Bounds: IsValid=false, Min=(X=0.000 Y=0.000 Z=0.000), Max=(X=0.000 Y=0.000 Z=0.000)
     Loading Range: 25600.00
Block Slow Loading: No
 ClientOnlyVisible: No

[+] Grid Levels: 1
 |- Level  0: Cell Count    0 | Cell Size   12800 | Actor Count    0 (0.0%)

[+] Content of Grid Level 0

